QuestaSim vlog 10.6c Compiler 2017.07 Jul 25 2017
Start time: 21:23:13 on Sep 24,2025
vlog -sv "+acc" "+cover" "+fcover" -l apb.log top.sv 
** Note: (vlog-2286) top.sv(1): Using implicit +incdir+/tools/mentor/questasim_10.6c/questasim/uvm-1.1d/../verilog_src/uvm-1.1d/src from import uvm_pkg
-- Compiling package apb_pkg
-- Importing package mtiUvm.uvm_pkg (uvm-1.1d Built-in)
-- Compiling interface apb_inf
-- Compiling package top_sv_unit
-- Compiling interface apb_assertion
-- Compiling module master_bridge
-- Compiling module slave1
-- Compiling module slave2
-- Compiling module APB_Protocol
-- Compiling module top
-- Importing package apb_pkg
-- Importing package mtiUvm.uvm_pkg (uvm-1.1d Built-in)

Top level modules:
	top
** Warning: (vlog-2650) 'bind' found in compilation unit scope. Please use -cuname to ensure that 'bind' gets elaborated.
End time: 21:23:14 on Sep 24,2025, Elapsed time: 0:00:01
Errors: 0, Warnings: 1
